{"D:\\julius-baer-side-quest\\submissions\\modernized-solutions\\javascript\\bankingClient.js": {"path":"D:\\julius-baer-side-quest\\submissions\\modernized-solutions\\javascript\\bankingClient.js","statementMap":{"0":{"start":{"line":22,"column":4},"end":{"line":22,"column":46}},"1":{"start":{"line":23,"column":4},"end":{"line":23,"column":27}},"2":{"start":{"line":24,"column":4},"end":{"line":24,"column":33}},"3":{"start":{"line":25,"column":4},"end":{"line":25,"column":33}},"4":{"start":{"line":32,"column":4},"end":{"line":32,"column":50}},"5":{"start":{"line":33,"column":4},"end":{"line":33,"column":35}},"6":{"start":{"line":34,"column":4},"end":{"line":34,"column":31}},"7":{"start":{"line":35,"column":4},"end":{"line":35,"column":25}},"8":{"start":{"line":39,"column":4},"end":{"line":41,"column":5}},"9":{"start":{"line":40,"column":6},"end":{"line":40,"column":73}},"10":{"start":{"line":42,"column":4},"end":{"line":44,"column":5}},"11":{"start":{"line":43,"column":6},"end":{"line":43,"column":71}},"12":{"start":{"line":45,"column":4},"end":{"line":47,"column":5}},"13":{"start":{"line":46,"column":6},"end":{"line":46,"column":67}},"14":{"start":{"line":51,"column":4},"end":{"line":55,"column":6}},"15":{"start":{"line":62,"column":22},"end":{"line":62,"column":46}},"16":{"start":{"line":63,"column":21},"end":{"line":68,"column":5}},"17":{"start":{"line":70,"column":23},"end":{"line":76,"column":5}},"18":{"start":{"line":78,"column":18},"end":{"line":78,"column":69}},"19":{"start":{"line":79,"column":4},"end":{"line":79,"column":96}},"20":{"start":{"line":80,"column":4},"end":{"line":82,"column":5}},"21":{"start":{"line":81,"column":6},"end":{"line":81,"column":49}},"22":{"start":{"line":86,"column":4},"end":{"line":86,"column":36}},"23":{"start":{"line":90,"column":4},"end":{"line":90,"column":39}},"24":{"start":{"line":94,"column":4},"end":{"line":94,"column":36}},"25":{"start":{"line":98,"column":4},"end":{"line":98,"column":37}},"26":{"start":{"line":105,"column":4},"end":{"line":105,"column":25}},"27":{"start":{"line":106,"column":4},"end":{"line":106,"column":25}},"28":{"start":{"line":107,"column":4},"end":{"line":107,"column":84}},"29":{"start":{"line":115,"column":23},"end":{"line":115,"column":44}},"30":{"start":{"line":116,"column":22},"end":{"line":116,"column":79}},"31":{"start":{"line":116,"column":39},"end":{"line":116,"column":57}},"32":{"start":{"line":118,"column":4},"end":{"line":131,"column":5}},"33":{"start":{"line":119,"column":23},"end":{"line":122,"column":8}},"34":{"start":{"line":123,"column":6},"end":{"line":123,"column":30}},"35":{"start":{"line":124,"column":6},"end":{"line":124,"column":22}},"36":{"start":{"line":126,"column":6},"end":{"line":126,"column":30}},"37":{"start":{"line":127,"column":6},"end":{"line":129,"column":7}},"38":{"start":{"line":128,"column":8},"end":{"line":128,"column":74}},"39":{"start":{"line":130,"column":6},"end":{"line":130,"column":18}},"40":{"start":{"line":139,"column":4},"end":{"line":149,"column":5}},"41":{"start":{"line":140,"column":6},"end":{"line":140,"column":56}},"42":{"start":{"line":142,"column":6},"end":{"line":147,"column":7}},"43":{"start":{"line":143,"column":22},"end":{"line":143,"column":85}},"44":{"start":{"line":144,"column":8},"end":{"line":144,"column":91}},"45":{"start":{"line":145,"column":8},"end":{"line":145,"column":65}},"46":{"start":{"line":145,"column":37},"end":{"line":145,"column":63}},"47":{"start":{"line":146,"column":8},"end":{"line":146,"column":63}},"48":{"start":{"line":148,"column":6},"end":{"line":148,"column":18}},"49":{"start":{"line":157,"column":20},"end":{"line":159,"column":5}},"50":{"start":{"line":161,"column":4},"end":{"line":163,"column":5}},"51":{"start":{"line":162,"column":6},"end":{"line":162,"column":59}},"52":{"start":{"line":165,"column":4},"end":{"line":165,"column":19}},"53":{"start":{"line":175,"column":16},"end":{"line":175,"column":50}},"54":{"start":{"line":177,"column":4},"end":{"line":203,"column":5}},"55":{"start":{"line":178,"column":6},"end":{"line":178,"column":69}},"56":{"start":{"line":180,"column":23},"end":{"line":184,"column":8}},"57":{"start":{"line":186,"column":6},"end":{"line":188,"column":7}},"58":{"start":{"line":187,"column":8},"end":{"line":187,"column":92}},"59":{"start":{"line":190,"column":19},"end":{"line":190,"column":40}},"60":{"start":{"line":191,"column":6},"end":{"line":191,"column":33}},"61":{"start":{"line":193,"column":6},"end":{"line":199,"column":7}},"62":{"start":{"line":194,"column":8},"end":{"line":194,"column":52}},"63":{"start":{"line":195,"column":8},"end":{"line":195,"column":20}},"64":{"start":{"line":197,"column":8},"end":{"line":197,"column":54}},"65":{"start":{"line":198,"column":8},"end":{"line":198,"column":21}},"66":{"start":{"line":201,"column":6},"end":{"line":201,"column":70}},"67":{"start":{"line":202,"column":6},"end":{"line":202,"column":19}},"68":{"start":{"line":212,"column":16},"end":{"line":212,"column":71}},"69":{"start":{"line":214,"column":4},"end":{"line":234,"column":5}},"70":{"start":{"line":215,"column":6},"end":{"line":215,"column":54}},"71":{"start":{"line":217,"column":23},"end":{"line":220,"column":8}},"72":{"start":{"line":222,"column":6},"end":{"line":224,"column":7}},"73":{"start":{"line":223,"column":8},"end":{"line":223,"column":88}},"74":{"start":{"line":226,"column":19},"end":{"line":226,"column":40}},"75":{"start":{"line":227,"column":22},"end":{"line":227,"column":41}},"76":{"start":{"line":229,"column":6},"end":{"line":229,"column":72}},"77":{"start":{"line":230,"column":6},"end":{"line":230,"column":21}},"78":{"start":{"line":232,"column":6},"end":{"line":232,"column":85}},"79":{"start":{"line":233,"column":6},"end":{"line":233,"column":19}},"80":{"start":{"line":246,"column":16},"end":{"line":246,"column":49}},"81":{"start":{"line":248,"column":4},"end":{"line":287,"column":5}},"82":{"start":{"line":250,"column":22},"end":{"line":250,"column":73}},"83":{"start":{"line":251,"column":6},"end":{"line":253,"column":8}},"84":{"start":{"line":256,"column":23},"end":{"line":260,"column":8}},"85":{"start":{"line":262,"column":6},"end":{"line":268,"column":7}},"86":{"start":{"line":263,"column":26},"end":{"line":263,"column":65}},"87":{"start":{"line":263,"column":61},"end":{"line":263,"column":63}},"88":{"start":{"line":264,"column":8},"end":{"line":267,"column":10}},"89":{"start":{"line":270,"column":19},"end":{"line":270,"column":40}},"90":{"start":{"line":272,"column":6},"end":{"line":274,"column":8}},"91":{"start":{"line":276,"column":6},"end":{"line":283,"column":8}},"92":{"start":{"line":285,"column":6},"end":{"line":285,"column":64}},"93":{"start":{"line":286,"column":6},"end":{"line":286,"column":18}},"94":{"start":{"line":296,"column":16},"end":{"line":296,"column":49}},"95":{"start":{"line":298,"column":4},"end":{"line":316,"column":5}},"96":{"start":{"line":299,"column":6},"end":{"line":299,"column":44}},"97":{"start":{"line":301,"column":23},"end":{"line":304,"column":8}},"98":{"start":{"line":306,"column":6},"end":{"line":308,"column":7}},"99":{"start":{"line":307,"column":8},"end":{"line":307,"column":93}},"100":{"start":{"line":310,"column":23},"end":{"line":310,"column":44}},"101":{"start":{"line":311,"column":6},"end":{"line":311,"column":62}},"102":{"start":{"line":312,"column":6},"end":{"line":312,"column":22}},"103":{"start":{"line":314,"column":6},"end":{"line":314,"column":76}},"104":{"start":{"line":315,"column":6},"end":{"line":315,"column":18}},"105":{"start":{"line":326,"column":16},"end":{"line":326,"column":70}},"106":{"start":{"line":328,"column":4},"end":{"line":346,"column":5}},"107":{"start":{"line":329,"column":6},"end":{"line":329,"column":64}},"108":{"start":{"line":331,"column":23},"end":{"line":334,"column":8}},"109":{"start":{"line":336,"column":6},"end":{"line":338,"column":7}},"110":{"start":{"line":337,"column":8},"end":{"line":337,"column":92}},"111":{"start":{"line":340,"column":26},"end":{"line":340,"column":47}},"112":{"start":{"line":341,"column":6},"end":{"line":341,"column":84}},"113":{"start":{"line":342,"column":6},"end":{"line":342,"column":25}},"114":{"start":{"line":344,"column":6},"end":{"line":344,"column":86}},"115":{"start":{"line":345,"column":6},"end":{"line":345,"column":18}},"116":{"start":{"line":352,"column":2},"end":{"line":352,"column":30}},"117":{"start":{"line":353,"column":2},"end":{"line":353,"column":72}},"118":{"start":{"line":354,"column":2},"end":{"line":354,"column":30}},"119":{"start":{"line":357,"column":17},"end":{"line":357,"column":78}},"120":{"start":{"line":358,"column":17},"end":{"line":358,"column":42}},"121":{"start":{"line":360,"column":2},"end":{"line":421,"column":3}},"122":{"start":{"line":362,"column":4},"end":{"line":362,"column":60}},"123":{"start":{"line":363,"column":4},"end":{"line":363,"column":32}},"124":{"start":{"line":364,"column":20},"end":{"line":364,"column":76}},"125":{"start":{"line":365,"column":4},"end":{"line":371,"column":5}},"126":{"start":{"line":366,"column":6},"end":{"line":366,"column":64}},"127":{"start":{"line":367,"column":6},"end":{"line":367,"column":49}},"128":{"start":{"line":368,"column":6},"end":{"line":368,"column":51}},"129":{"start":{"line":370,"column":6},"end":{"line":370,"column":39}},"130":{"start":{"line":374,"column":4},"end":{"line":374,"column":58}},"131":{"start":{"line":375,"column":4},"end":{"line":375,"column":32}},"132":{"start":{"line":376,"column":26},"end":{"line":376,"column":75}},"133":{"start":{"line":377,"column":4},"end":{"line":386,"column":5}},"134":{"start":{"line":378,"column":6},"end":{"line":378,"column":49}},"135":{"start":{"line":379,"column":22},"end":{"line":379,"column":84}},"136":{"start":{"line":380,"column":6},"end":{"line":383,"column":7}},"137":{"start":{"line":381,"column":8},"end":{"line":381,"column":66}},"138":{"start":{"line":382,"column":8},"end":{"line":382,"column":51}},"139":{"start":{"line":385,"column":6},"end":{"line":385,"column":45}},"140":{"start":{"line":389,"column":4},"end":{"line":389,"column":44}},"141":{"start":{"line":390,"column":4},"end":{"line":390,"column":32}},"142":{"start":{"line":391,"column":31},"end":{"line":391,"column":64}},"143":{"start":{"line":392,"column":4},"end":{"line":396,"column":5}},"144":{"start":{"line":393,"column":22},"end":{"line":393,"column":55}},"145":{"start":{"line":394,"column":21},"end":{"line":394,"column":54}},"146":{"start":{"line":395,"column":6},"end":{"line":395,"column":39}},"147":{"start":{"line":399,"column":4},"end":{"line":399,"column":47}},"148":{"start":{"line":400,"column":4},"end":{"line":400,"column":32}},"149":{"start":{"line":401,"column":21},"end":{"line":401,"column":47}},"150":{"start":{"line":402,"column":4},"end":{"line":409,"column":5}},"151":{"start":{"line":403,"column":6},"end":{"line":403,"column":58}},"152":{"start":{"line":404,"column":6},"end":{"line":406,"column":9}},"153":{"start":{"line":405,"column":8},"end":{"line":405,"column":84}},"154":{"start":{"line":408,"column":6},"end":{"line":408,"column":51}},"155":{"start":{"line":412,"column":4},"end":{"line":412,"column":63}},"156":{"start":{"line":413,"column":4},"end":{"line":413,"column":32}},"157":{"start":{"line":414,"column":20},"end":{"line":414,"column":75}},"158":{"start":{"line":415,"column":4},"end":{"line":417,"column":5}},"159":{"start":{"line":416,"column":6},"end":{"line":416,"column":73}},"160":{"start":{"line":420,"column":4},"end":{"line":420,"column":58}},"161":{"start":{"line":423,"column":2},"end":{"line":423,"column":37}},"162":{"start":{"line":424,"column":2},"end":{"line":424,"column":33}},"163":{"start":{"line":425,"column":2},"end":{"line":425,"column":30}},"164":{"start":{"line":429,"column":0},"end":{"line":431,"column":1}},"165":{"start":{"line":430,"column":2},"end":{"line":430,"column":83}},"166":{"start":{"line":434,"column":0},"end":{"line":439,"column":1}},"167":{"start":{"line":435,"column":2},"end":{"line":438,"column":5}},"168":{"start":{"line":436,"column":4},"end":{"line":436,"column":58}},"169":{"start":{"line":437,"column":4},"end":{"line":437,"column":20}}},"fnMap":{"0":{"name":"(anonymous_0)","decl":{"start":{"line":16,"column":2},"end":{"line":16,"column":3}},"loc":{"start":{"line":21,"column":10},"end":{"line":26,"column":3}},"line":21},"1":{"name":"(anonymous_1)","decl":{"start":{"line":31,"column":2},"end":{"line":31,"column":3}},"loc":{"start":{"line":31,"column":46},"end":{"line":36,"column":3}},"line":31},"2":{"name":"(anonymous_2)","decl":{"start":{"line":38,"column":2},"end":{"line":38,"column":3}},"loc":{"start":{"line":38,"column":43},"end":{"line":48,"column":3}},"line":38},"3":{"name":"(anonymous_3)","decl":{"start":{"line":50,"column":2},"end":{"line":50,"column":3}},"loc":{"start":{"line":50,"column":11},"end":{"line":56,"column":3}},"line":50},"4":{"name":"(anonymous_4)","decl":{"start":{"line":61,"column":2},"end":{"line":61,"column":3}},"loc":{"start":{"line":61,"column":42},"end":{"line":83,"column":3}},"line":61},"5":{"name":"(anonymous_5)","decl":{"start":{"line":85,"column":2},"end":{"line":85,"column":3}},"loc":{"start":{"line":85,"column":29},"end":{"line":87,"column":3}},"line":85},"6":{"name":"(anonymous_6)","decl":{"start":{"line":89,"column":2},"end":{"line":89,"column":3}},"loc":{"start":{"line":89,"column":32},"end":{"line":91,"column":3}},"line":89},"7":{"name":"(anonymous_7)","decl":{"start":{"line":93,"column":2},"end":{"line":93,"column":3}},"loc":{"start":{"line":93,"column":29},"end":{"line":95,"column":3}},"line":93},"8":{"name":"(anonymous_8)","decl":{"start":{"line":97,"column":2},"end":{"line":97,"column":3}},"loc":{"start":{"line":97,"column":30},"end":{"line":99,"column":3}},"line":97},"9":{"name":"(anonymous_9)","decl":{"start":{"line":104,"column":2},"end":{"line":104,"column":3}},"loc":{"start":{"line":104,"column":50},"end":{"line":108,"column":3}},"line":104},"10":{"name":"(anonymous_10)","decl":{"start":{"line":114,"column":2},"end":{"line":114,"column":3}},"loc":{"start":{"line":114,"column":45},"end":{"line":132,"column":3}},"line":114},"11":{"name":"(anonymous_11)","decl":{"start":{"line":116,"column":33},"end":{"line":116,"column":34}},"loc":{"start":{"line":116,"column":39},"end":{"line":116,"column":57}},"line":116},"12":{"name":"(anonymous_12)","decl":{"start":{"line":138,"column":2},"end":{"line":138,"column":3}},"loc":{"start":{"line":138,"column":77},"end":{"line":150,"column":3}},"line":138},"13":{"name":"(anonymous_13)","decl":{"start":{"line":145,"column":26},"end":{"line":145,"column":27}},"loc":{"start":{"line":145,"column":37},"end":{"line":145,"column":63}},"line":145},"14":{"name":"(anonymous_14)","decl":{"start":{"line":156,"column":2},"end":{"line":156,"column":3}},"loc":{"start":{"line":156,"column":35},"end":{"line":166,"column":3}},"line":156},"15":{"name":"(anonymous_15)","decl":{"start":{"line":174,"column":2},"end":{"line":174,"column":3}},"loc":{"start":{"line":174,"column":67},"end":{"line":204,"column":3}},"line":174},"16":{"name":"(anonymous_16)","decl":{"start":{"line":211,"column":2},"end":{"line":211,"column":3}},"loc":{"start":{"line":211,"column":35},"end":{"line":235,"column":3}},"line":211},"17":{"name":"(anonymous_17)","decl":{"start":{"line":245,"column":2},"end":{"line":245,"column":3}},"loc":{"start":{"line":245,"column":71},"end":{"line":288,"column":3}},"line":245},"18":{"name":"(anonymous_18)","decl":{"start":{"line":263,"column":54},"end":{"line":263,"column":55}},"loc":{"start":{"line":263,"column":61},"end":{"line":263,"column":63}},"line":263},"19":{"name":"(anonymous_19)","decl":{"start":{"line":295,"column":2},"end":{"line":295,"column":3}},"loc":{"start":{"line":295,"column":37},"end":{"line":317,"column":3}},"line":295},"20":{"name":"(anonymous_20)","decl":{"start":{"line":325,"column":2},"end":{"line":325,"column":3}},"loc":{"start":{"line":325,"column":54},"end":{"line":347,"column":3}},"line":325},"21":{"name":"main","decl":{"start":{"line":351,"column":15},"end":{"line":351,"column":19}},"loc":{"start":{"line":351,"column":22},"end":{"line":426,"column":1}},"line":351},"22":{"name":"(anonymous_22)","decl":{"start":{"line":404,"column":35},"end":{"line":404,"column":36}},"loc":{"start":{"line":404,"column":42},"end":{"line":406,"column":7}},"line":404},"23":{"name":"(anonymous_23)","decl":{"start":{"line":435,"column":15},"end":{"line":435,"column":16}},"loc":{"start":{"line":435,"column":24},"end":{"line":438,"column":3}},"line":435}},"branchMap":{"0":{"loc":{"start":{"line":16,"column":14},"end":{"line":21,"column":8}},"type":"default-arg","locations":[{"start":{"line":21,"column":6},"end":{"line":21,"column":8}}],"line":16},"1":{"loc":{"start":{"line":17,"column":4},"end":{"line":17,"column":37}},"type":"default-arg","locations":[{"start":{"line":17,"column":14},"end":{"line":17,"column":37}}],"line":17},"2":{"loc":{"start":{"line":18,"column":4},"end":{"line":18,"column":19}},"type":"default-arg","locations":[{"start":{"line":18,"column":14},"end":{"line":18,"column":19}}],"line":18},"3":{"loc":{"start":{"line":19,"column":4},"end":{"line":19,"column":18}},"type":"default-arg","locations":[{"start":{"line":19,"column":17},"end":{"line":19,"column":18}}],"line":19},"4":{"loc":{"start":{"line":20,"column":4},"end":{"line":20,"column":21}},"type":"default-arg","locations":[{"start":{"line":20,"column":17},"end":{"line":20,"column":21}}],"line":20},"5":{"loc":{"start":{"line":39,"column":4},"end":{"line":41,"column":5}},"type":"if","locations":[{"start":{"line":39,"column":4},"end":{"line":41,"column":5}},{"start":{},"end":{}}],"line":39},"6":{"loc":{"start":{"line":39,"column":8},"end":{"line":39,"column":55}},"type":"binary-expr","locations":[{"start":{"line":39,"column":8},"end":{"line":39,"column":20}},{"start":{"line":39,"column":24},"end":{"line":39,"column":55}}],"line":39},"7":{"loc":{"start":{"line":42,"column":4},"end":{"line":44,"column":5}},"type":"if","locations":[{"start":{"line":42,"column":4},"end":{"line":44,"column":5}},{"start":{},"end":{}}],"line":42},"8":{"loc":{"start":{"line":42,"column":8},"end":{"line":42,"column":51}},"type":"binary-expr","locations":[{"start":{"line":42,"column":8},"end":{"line":42,"column":18}},{"start":{"line":42,"column":22},"end":{"line":42,"column":51}}],"line":42},"9":{"loc":{"start":{"line":45,"column":4},"end":{"line":47,"column":5}},"type":"if","locations":[{"start":{"line":45,"column":4},"end":{"line":47,"column":5}},{"start":{},"end":{}}],"line":45},"10":{"loc":{"start":{"line":45,"column":8},"end":{"line":45,"column":49}},"type":"binary-expr","locations":[{"start":{"line":45,"column":8},"end":{"line":45,"column":34}},{"start":{"line":45,"column":38},"end":{"line":45,"column":49}}],"line":45},"11":{"loc":{"start":{"line":61,"column":29},"end":{"line":61,"column":40}},"type":"default-arg","locations":[{"start":{"line":61,"column":36},"end":{"line":61,"column":40}}],"line":61},"12":{"loc":{"start":{"line":67,"column":10},"end":{"line":67,"column":26}},"type":"binary-expr","locations":[{"start":{"line":67,"column":10},"end":{"line":67,"column":14}},{"start":{"line":67,"column":18},"end":{"line":67,"column":26}}],"line":67},"13":{"loc":{"start":{"line":78,"column":18},"end":{"line":78,"column":69}},"type":"binary-expr","locations":[{"start":{"line":78,"column":18},"end":{"line":78,"column":49}},{"start":{"line":78,"column":53},"end":{"line":78,"column":69}}],"line":78},"14":{"loc":{"start":{"line":80,"column":4},"end":{"line":82,"column":5}},"type":"if","locations":[{"start":{"line":80,"column":4},"end":{"line":82,"column":5}},{"start":{},"end":{}}],"line":80},"15":{"loc":{"start":{"line":104,"column":14},"end":{"line":104,"column":48}},"type":"default-arg","locations":[{"start":{"line":104,"column":23},"end":{"line":104,"column":48}}],"line":104},"16":{"loc":{"start":{"line":114,"column":31},"end":{"line":114,"column":43}},"type":"default-arg","locations":[{"start":{"line":114,"column":41},"end":{"line":114,"column":43}}],"line":114},"17":{"loc":{"start":{"line":127,"column":6},"end":{"line":129,"column":7}},"type":"if","locations":[{"start":{"line":127,"column":6},"end":{"line":129,"column":7}},{"start":{},"end":{}}],"line":127},"18":{"loc":{"start":{"line":138,"column":29},"end":{"line":138,"column":41}},"type":"default-arg","locations":[{"start":{"line":138,"column":39},"end":{"line":138,"column":41}}],"line":138},"19":{"loc":{"start":{"line":138,"column":43},"end":{"line":138,"column":75}},"type":"default-arg","locations":[{"start":{"line":138,"column":53},"end":{"line":138,"column":75}}],"line":138},"20":{"loc":{"start":{"line":142,"column":6},"end":{"line":147,"column":7}},"type":"if","locations":[{"start":{"line":142,"column":6},"end":{"line":147,"column":7}},{"start":{},"end":{}}],"line":142},"21":{"loc":{"start":{"line":156,"column":14},"end":{"line":156,"column":33}},"type":"default-arg","locations":[{"start":{"line":156,"column":28},"end":{"line":156,"column":33}}],"line":156},"22":{"loc":{"start":{"line":161,"column":4},"end":{"line":163,"column":5}},"type":"if","locations":[{"start":{"line":161,"column":4},"end":{"line":163,"column":5}},{"start":{},"end":{}}],"line":161},"23":{"loc":{"start":{"line":161,"column":8},"end":{"line":161,"column":36}},"type":"binary-expr","locations":[{"start":{"line":161,"column":8},"end":{"line":161,"column":19}},{"start":{"line":161,"column":23},"end":{"line":161,"column":36}}],"line":161},"24":{"loc":{"start":{"line":174,"column":21},"end":{"line":174,"column":42}},"type":"default-arg","locations":[{"start":{"line":174,"column":32},"end":{"line":174,"column":42}}],"line":174},"25":{"loc":{"start":{"line":174,"column":44},"end":{"line":174,"column":65}},"type":"default-arg","locations":[{"start":{"line":174,"column":55},"end":{"line":174,"column":65}}],"line":174},"26":{"loc":{"start":{"line":186,"column":6},"end":{"line":188,"column":7}},"type":"if","locations":[{"start":{"line":186,"column":6},"end":{"line":188,"column":7}},{"start":{},"end":{}}],"line":186},"27":{"loc":{"start":{"line":193,"column":6},"end":{"line":199,"column":7}},"type":"if","locations":[{"start":{"line":193,"column":6},"end":{"line":199,"column":7}},{"start":{"line":196,"column":13},"end":{"line":199,"column":7}}],"line":193},"28":{"loc":{"start":{"line":222,"column":6},"end":{"line":224,"column":7}},"type":"if","locations":[{"start":{"line":222,"column":6},"end":{"line":224,"column":7}},{"start":{},"end":{}}],"line":222},"29":{"loc":{"start":{"line":227,"column":22},"end":{"line":227,"column":41}},"type":"binary-expr","locations":[{"start":{"line":227,"column":22},"end":{"line":227,"column":32}},{"start":{"line":227,"column":36},"end":{"line":227,"column":41}}],"line":227},"30":{"loc":{"start":{"line":245,"column":54},"end":{"line":245,"column":69}},"type":"default-arg","locations":[{"start":{"line":245,"column":64},"end":{"line":245,"column":69}}],"line":245},"31":{"loc":{"start":{"line":262,"column":6},"end":{"line":268,"column":7}},"type":"if","locations":[{"start":{"line":262,"column":6},"end":{"line":268,"column":7}},{"start":{},"end":{}}],"line":262},"32":{"loc":{"start":{"line":266,"column":11},"end":{"line":266,"column":61}},"type":"cond-expr","locations":[{"start":{"line":266,"column":31},"end":{"line":266,"column":56}},{"start":{"line":266,"column":59},"end":{"line":266,"column":61}}],"line":266},"33":{"loc":{"start":{"line":295,"column":20},"end":{"line":295,"column":35}},"type":"default-arg","locations":[{"start":{"line":295,"column":30},"end":{"line":295,"column":35}}],"line":295},"34":{"loc":{"start":{"line":306,"column":6},"end":{"line":308,"column":7}},"type":"if","locations":[{"start":{"line":306,"column":6},"end":{"line":308,"column":7}},{"start":{},"end":{}}],"line":306},"35":{"loc":{"start":{"line":325,"column":37},"end":{"line":325,"column":52}},"type":"default-arg","locations":[{"start":{"line":325,"column":47},"end":{"line":325,"column":52}}],"line":325},"36":{"loc":{"start":{"line":336,"column":6},"end":{"line":338,"column":7}},"type":"if","locations":[{"start":{"line":336,"column":6},"end":{"line":338,"column":7}},{"start":{},"end":{}}],"line":336},"37":{"loc":{"start":{"line":365,"column":4},"end":{"line":371,"column":5}},"type":"if","locations":[{"start":{"line":365,"column":4},"end":{"line":371,"column":5}},{"start":{"line":369,"column":11},"end":{"line":371,"column":5}}],"line":365},"38":{"loc":{"start":{"line":377,"column":4},"end":{"line":386,"column":5}},"type":"if","locations":[{"start":{"line":377,"column":4},"end":{"line":386,"column":5}},{"start":{"line":384,"column":11},"end":{"line":386,"column":5}}],"line":377},"39":{"loc":{"start":{"line":380,"column":6},"end":{"line":383,"column":7}},"type":"if","locations":[{"start":{"line":380,"column":6},"end":{"line":383,"column":7}},{"start":{},"end":{}}],"line":380},"40":{"loc":{"start":{"line":394,"column":21},"end":{"line":394,"column":54}},"type":"cond-expr","locations":[{"start":{"line":394,"column":31},"end":{"line":394,"column":40}},{"start":{"line":394,"column":43},"end":{"line":394,"column":54}}],"line":394},"41":{"loc":{"start":{"line":402,"column":4},"end":{"line":409,"column":5}},"type":"if","locations":[{"start":{"line":402,"column":4},"end":{"line":409,"column":5}},{"start":{"line":407,"column":11},"end":{"line":409,"column":5}}],"line":402},"42":{"loc":{"start":{"line":405,"column":27},"end":{"line":405,"column":49}},"type":"binary-expr","locations":[{"start":{"line":405,"column":27},"end":{"line":405,"column":40}},{"start":{"line":405,"column":44},"end":{"line":405,"column":49}}],"line":405},"43":{"loc":{"start":{"line":405,"column":54},"end":{"line":405,"column":80}},"type":"binary-expr","locations":[{"start":{"line":405,"column":54},"end":{"line":405,"column":71}},{"start":{"line":405,"column":75},"end":{"line":405,"column":80}}],"line":405},"44":{"loc":{"start":{"line":415,"column":4},"end":{"line":417,"column":5}},"type":"if","locations":[{"start":{"line":415,"column":4},"end":{"line":417,"column":5}},{"start":{},"end":{}}],"line":415},"45":{"loc":{"start":{"line":429,"column":0},"end":{"line":431,"column":1}},"type":"if","locations":[{"start":{"line":429,"column":0},"end":{"line":431,"column":1}},{"start":{},"end":{}}],"line":429},"46":{"loc":{"start":{"line":429,"column":4},"end":{"line":429,"column":51}},"type":"binary-expr","locations":[{"start":{"line":429,"column":4},"end":{"line":429,"column":33}},{"start":{"line":429,"column":37},"end":{"line":429,"column":51}}],"line":429},"47":{"loc":{"start":{"line":434,"column":0},"end":{"line":439,"column":1}},"type":"if","locations":[{"start":{"line":434,"column":0},"end":{"line":439,"column":1}},{"start":{},"end":{}}],"line":434},"48":{"loc":{"start":{"line":434,"column":4},"end":{"line":434,"column":61}},"type":"binary-expr","locations":[{"start":{"line":434,"column":4},"end":{"line":434,"column":34}},{"start":{"line":434,"column":38},"end":{"line":434,"column":61}}],"line":434}},"s":{"0":29,"1":29,"2":29,"3":29,"4":12,"5":6,"6":6,"7":6,"8":12,"9":3,"10":9,"11":1,"12":8,"13":2,"14":5,"15":67,"16":67,"17":67,"18":67,"19":67,"20":67,"21":9,"22":46,"23":6,"24":5,"25":10,"26":26,"27":26,"28":26,"29":24,"30":24,"31":0,"32":24,"33":24,"34":18,"35":18,"36":6,"37":6,"38":0,"39":6,"40":23,"41":23,"42":6,"43":5,"44":5,"45":5,"46":5,"47":5,"48":1,"49":19,"50":19,"51":3,"52":19,"53":4,"54":4,"55":4,"56":4,"57":4,"58":1,"59":2,"60":2,"61":2,"62":1,"63":1,"64":1,"65":1,"66":2,"67":2,"68":3,"69":3,"70":3,"71":3,"72":3,"73":0,"74":2,"75":2,"76":2,"77":2,"78":1,"79":1,"80":5,"81":5,"82":5,"83":4,"84":4,"85":4,"86":1,"87":0,"88":1,"89":2,"90":2,"91":2,"92":3,"93":3,"94":3,"95":3,"96":3,"97":3,"98":3,"99":0,"100":2,"101":2,"102":2,"103":1,"104":1,"105":2,"106":2,"107":2,"108":2,"109":2,"110":0,"111":1,"112":1,"113":1,"114":1,"115":1,"116":0,"117":0,"118":0,"119":0,"120":0,"121":0,"122":0,"123":0,"124":0,"125":0,"126":0,"127":0,"128":0,"129":0,"130":0,"131":0,"132":0,"133":0,"134":0,"135":0,"136":0,"137":0,"138":0,"139":0,"140":0,"141":0,"142":0,"143":0,"144":0,"145":0,"146":0,"147":0,"148":0,"149":0,"150":0,"151":0,"152":0,"153":0,"154":0,"155":0,"156":0,"157":0,"158":0,"159":0,"160":0,"161":0,"162":0,"163":0,"164":1,"165":1,"166":1,"167":0,"168":0,"169":0},"f":{"0":29,"1":12,"2":12,"3":5,"4":67,"5":46,"6":6,"7":5,"8":10,"9":26,"10":24,"11":0,"12":23,"13":5,"14":19,"15":4,"16":3,"17":5,"18":0,"19":3,"20":2,"21":0,"22":0,"23":0},"b":{"0":[26],"1":[26],"2":[28],"3":[28],"4":[28],"5":[3,9],"6":[12,9],"7":[1,8],"8":[9,8],"9":[2,6],"10":[8,8],"11":[58],"12":[67,9],"13":[67,0],"14":[9,58],"15":[25],"16":[0],"17":[0,6],"18":[0],"19":[16],"20":[5,1],"21":[7],"22":[3,16],"23":[19,4],"24":[0],"25":[0],"26":[1,2],"27":[1,1],"28":[0,2],"29":[2,1],"30":[4],"31":[1,2],"32":[1,0],"33":[2],"34":[0,2],"35":[2],"36":[0,1],"37":[0,0],"38":[0,0],"39":[0,0],"40":[0,0],"41":[0,0],"42":[0,0],"43":[0,0],"44":[0,0],"45":[1,0],"46":[1,1],"47":[0,1],"48":[1,1]},"_coverageSchema":"1a1c01bbd47fc00a2c39e90264f33305004495a9","hash":"97bf3f330561b85ccdfa81a31f5c482c8be5ba20"}
}
