TN:
SF:bankingClient.js
FN:16,(anonymous_0)
FN:31,(anonymous_1)
FN:38,(anonymous_2)
FN:50,(anonymous_3)
FN:61,(anonymous_4)
FN:85,(anonymous_5)
FN:89,(anonymous_6)
FN:93,(anonymous_7)
FN:97,(anonymous_8)
FN:104,(anonymous_9)
FN:114,(anonymous_10)
FN:116,(anonymous_11)
FN:138,(anonymous_12)
FN:145,(anonymous_13)
FN:156,(anonymous_14)
FN:174,(anonymous_15)
FN:211,(anonymous_16)
FN:245,(anonymous_17)
FN:263,(anonymous_18)
FN:295,(anonymous_19)
FN:325,(anonymous_20)
FN:351,main
FN:404,(anonymous_22)
FN:435,(anonymous_23)
FNF:24
FNH:19
FNDA:29,(anonymous_0)
FNDA:12,(anonymous_1)
FNDA:12,(anonymous_2)
FNDA:5,(anonymous_3)
FNDA:67,(anonymous_4)
FNDA:46,(anonymous_5)
FNDA:6,(anonymous_6)
FNDA:5,(anonymous_7)
FNDA:10,(anonymous_8)
FNDA:26,(anonymous_9)
FNDA:24,(anonymous_10)
FNDA:0,(anonymous_11)
FNDA:23,(anonymous_12)
FNDA:5,(anonymous_13)
FNDA:19,(anonymous_14)
FNDA:4,(anonymous_15)
FNDA:3,(anonymous_16)
FNDA:5,(anonymous_17)
FNDA:0,(anonymous_18)
FNDA:3,(anonymous_19)
FNDA:2,(anonymous_20)
FNDA:0,main
FNDA:0,(anonymous_22)
FNDA:0,(anonymous_23)
DA:22,29
DA:23,29
DA:24,29
DA:25,29
DA:32,12
DA:33,6
DA:34,6
DA:35,6
DA:39,12
DA:40,3
DA:42,9
DA:43,1
DA:45,8
DA:46,2
DA:51,5
DA:62,67
DA:63,67
DA:70,67
DA:78,67
DA:79,67
DA:80,67
DA:81,9
DA:86,46
DA:90,6
DA:94,5
DA:98,10
DA:105,26
DA:106,26
DA:107,26
DA:115,24
DA:116,24
DA:118,24
DA:119,24
DA:123,18
DA:124,18
DA:126,6
DA:127,6
DA:128,0
DA:130,6
DA:139,23
DA:140,23
DA:142,6
DA:143,5
DA:144,5
DA:145,5
DA:146,5
DA:148,1
DA:157,19
DA:161,19
DA:162,3
DA:165,19
DA:175,4
DA:177,4
DA:178,4
DA:180,4
DA:186,4
DA:187,1
DA:190,2
DA:191,2
DA:193,2
DA:194,1
DA:195,1
DA:197,1
DA:198,1
DA:201,2
DA:202,2
DA:212,3
DA:214,3
DA:215,3
DA:217,3
DA:222,3
DA:223,0
DA:226,2
DA:227,2
DA:229,2
DA:230,2
DA:232,1
DA:233,1
DA:246,5
DA:248,5
DA:250,5
DA:251,4
DA:256,4
DA:262,4
DA:263,1
DA:264,1
DA:270,2
DA:272,2
DA:276,2
DA:285,3
DA:286,3
DA:296,3
DA:298,3
DA:299,3
DA:301,3
DA:306,3
DA:307,0
DA:310,2
DA:311,2
DA:312,2
DA:314,1
DA:315,1
DA:326,2
DA:328,2
DA:329,2
DA:331,2
DA:336,2
DA:337,0
DA:340,1
DA:341,1
DA:342,1
DA:344,1
DA:345,1
DA:352,0
DA:353,0
DA:354,0
DA:357,0
DA:358,0
DA:360,0
DA:362,0
DA:363,0
DA:364,0
DA:365,0
DA:366,0
DA:367,0
DA:368,0
DA:370,0
DA:374,0
DA:375,0
DA:376,0
DA:377,0
DA:378,0
DA:379,0
DA:380,0
DA:381,0
DA:382,0
DA:385,0
DA:389,0
DA:390,0
DA:391,0
DA:392,0
DA:393,0
DA:394,0
DA:395,0
DA:399,0
DA:400,0
DA:401,0
DA:402,0
DA:403,0
DA:404,0
DA:405,0
DA:408,0
DA:412,0
DA:413,0
DA:414,0
DA:415,0
DA:416,0
DA:420,0
DA:423,0
DA:424,0
DA:425,0
DA:429,1
DA:430,1
DA:434,1
DA:435,0
DA:436,0
DA:437,0
LF:167
LH:112
BRDA:16,0,0,26
BRDA:17,1,0,26
BRDA:18,2,0,28
BRDA:19,3,0,28
BRDA:20,4,0,28
BRDA:39,5,0,3
BRDA:39,5,1,9
BRDA:39,6,0,12
BRDA:39,6,1,9
BRDA:42,7,0,1
BRDA:42,7,1,8
BRDA:42,8,0,9
BRDA:42,8,1,8
BRDA:45,9,0,2
BRDA:45,9,1,6
BRDA:45,10,0,8
BRDA:45,10,1,8
BRDA:61,11,0,58
BRDA:67,12,0,67
BRDA:67,12,1,9
BRDA:78,13,0,67
BRDA:78,13,1,0
BRDA:80,14,0,9
BRDA:80,14,1,58
BRDA:104,15,0,25
BRDA:114,16,0,0
BRDA:127,17,0,0
BRDA:127,17,1,6
BRDA:138,18,0,0
BRDA:138,19,0,16
BRDA:142,20,0,5
BRDA:142,20,1,1
BRDA:156,21,0,7
BRDA:161,22,0,3
BRDA:161,22,1,16
BRDA:161,23,0,19
BRDA:161,23,1,4
BRDA:174,24,0,0
BRDA:174,25,0,0
BRDA:186,26,0,1
BRDA:186,26,1,2
BRDA:193,27,0,1
BRDA:193,27,1,1
BRDA:222,28,0,0
BRDA:222,28,1,2
BRDA:227,29,0,2
BRDA:227,29,1,1
BRDA:245,30,0,4
BRDA:262,31,0,1
BRDA:262,31,1,2
BRDA:266,32,0,1
BRDA:266,32,1,0
BRDA:295,33,0,2
BRDA:306,34,0,0
BRDA:306,34,1,2
BRDA:325,35,0,2
BRDA:336,36,0,0
BRDA:336,36,1,1
BRDA:365,37,0,0
BRDA:365,37,1,0
BRDA:377,38,0,0
BRDA:377,38,1,0
BRDA:380,39,0,0
BRDA:380,39,1,0
BRDA:394,40,0,0
BRDA:394,40,1,0
BRDA:402,41,0,0
BRDA:402,41,1,0
BRDA:405,42,0,0
BRDA:405,42,1,0
BRDA:405,43,0,0
BRDA:405,43,1,0
BRDA:415,44,0,0
BRDA:415,44,1,0
BRDA:429,45,0,1
BRDA:429,45,1,0
BRDA:429,46,0,1
BRDA:429,46,1,1
BRDA:434,47,0,0
BRDA:434,47,1,1
BRDA:434,48,0,1
BRDA:434,48,1,1
BRF:82
BRH:54
end_of_record
